{"time": "2026-03-03T14:50:03", "level": "INFO", "logger": "api", "message": "[021d4626] GET /metrics/health started"}
{"time": "2026-03-03T14:50:03", "level": "ERROR", "logger": "api", "message": "/metrics/health failed: connection to server at "localhost" (::1), port 5432 failed: FATAL:  role "postgres" does not exist
"}
{"time": "2026-03-03T14:50:03", "level": "INFO", "logger": "api", "message": "[021d4626] GET /metrics/health status=503 duration=97.4ms"}
{"time": "2026-03-03T14:52:07", "level": "INFO", "logger": "api", "message": "[862d1076] GET /metrics/health started"}
{"time": "2026-03-03T14:52:07", "level": "INFO", "logger": "database", "message": "Connection pool created"}
{"time": "2026-03-03T14:52:08", "level": "INFO", "logger": "api", "message": "[862d1076] GET /metrics/health status=200 duration=1426.2ms"}
{"time": "2026-03-03T14:53:10", "level": "INFO", "logger": "api", "message": "[d09409a5] GET /metrics/health started"}
{"time": "2026-03-03T14:53:12", "level": "INFO", "logger": "api", "message": "[d09409a5] GET /metrics/health status=200 duration=1428.1ms"}
{"time": "2026-03-03T14:53:12", "level": "INFO", "logger": "api", "message": "[9bb824bf] GET /revenue/daily started"}
{"time": "2026-03-03T14:53:12", "level": "ERROR", "logger": "database", "message": "DB error: column "date" does not exist
LINE 2:                 SELECT date, total_revenue, transaction_coun...
                               ^
"}
{"time": "2026-03-03T14:53:12", "level": "ERROR", "logger": "api", "message": "/revenue/daily failed: column "date" does not exist
LINE 2:                 SELECT date, total_revenue, transaction_coun...
                               ^
"}
{"time": "2026-03-03T14:53:12", "level": "INFO", "logger": "api", "message": "[9bb824bf] GET /revenue/daily status=500 duration=3.8ms"}
{"time": "2026-03-03T14:53:12", "level": "INFO", "logger": "api", "message": "[be05e32f] GET /revenue/category started"}
{"time": "2026-03-03T14:53:12", "level": "ERROR", "logger": "database", "message": "DB error: column p.id does not exist
LINE 8:                 JOIN products p ON t.product_id = p.id
                                                          ^
"}
{"time": "2026-03-03T14:53:12", "level": "ERROR", "logger": "api", "message": "/revenue/category failed: column p.id does not exist
LINE 8:                 JOIN products p ON t.product_id = p.id
                                                          ^
"}
{"time": "2026-03-03T14:53:12", "level": "INFO", "logger": "api", "message": "[be05e32f] GET /revenue/category status=500 duration=3.2ms"}
{"time": "2026-03-03T14:53:12", "level": "INFO", "logger": "api", "message": "[f9dd5dab] GET /users/top started"}
{"time": "2026-03-03T14:53:12", "level": "ERROR", "logger": "database", "message": "DB error: column u.id does not exist
LINE 10:                 JOIN transactions t ON t.user_id = u.id
                                                            ^
"}
{"time": "2026-03-03T14:53:12", "level": "ERROR", "logger": "api", "message": "/users/top failed: column u.id does not exist
LINE 10:                 JOIN transactions t ON t.user_id = u.id
                                                            ^
"}
{"time": "2026-03-03T14:53:12", "level": "INFO", "logger": "api", "message": "[f9dd5dab] GET /users/top status=500 duration=1.5ms"}
{"time": "2026-03-03T14:56:11", "level": "INFO", "logger": "api", "message": "[49636a3f] GET /metrics/health started"}
{"time": "2026-03-03T14:56:11", "level": "INFO", "logger": "database", "message": "Connection pool created"}
{"time": "2026-03-03T14:56:12", "level": "INFO", "logger": "api", "message": "[49636a3f] GET /metrics/health status=200 duration=1405.1ms"}
{"time": "2026-03-03T14:56:12", "level": "INFO", "logger": "api", "message": "[bd769aa1] GET /revenue/daily started"}
{"time": "2026-03-03T14:56:12", "level": "INFO", "logger": "queries", "message": "daily_revenue returned 7 rows"}
{"time": "2026-03-03T14:56:12", "level": "INFO", "logger": "api", "message": "[bd769aa1] GET /revenue/daily status=200 duration=4.0ms"}
{"time": "2026-03-03T14:56:12", "level": "INFO", "logger": "api", "message": "[ab13118b] GET /revenue/category started"}
{"time": "2026-03-03T14:56:14", "level": "INFO", "logger": "queries", "message": "revenue_by_category returned 5 rows"}
{"time": "2026-03-03T14:56:14", "level": "INFO", "logger": "api", "message": "[ab13118b] GET /revenue/category status=200 duration=1779.0ms"}
{"time": "2026-03-03T14:56:14", "level": "INFO", "logger": "api", "message": "[84825406] GET /users/top started"}
{"time": "2026-03-03T14:56:17", "level": "INFO", "logger": "queries", "message": "top_users returned 5 rows"}
{"time": "2026-03-03T14:56:17", "level": "INFO", "logger": "api", "message": "[84825406] GET /users/top status=200 duration=2541.9ms"}
{"time": "2026-03-03T15:26:57", "level": "INFO", "logger": "api", "message": "[02d3ae87] GET /revenue/daily started"}
{"time": "2026-03-03T15:26:57", "level": "INFO", "logger": "api", "message": "[02d3ae87] GET /revenue/daily status=422 duration=14.7ms"}
