{"time": "2026-03-05 07:27:46,378", "level": "INFO", "module": "failures", "msg": "[SCENARIO] Kill connection mid-query"}
{"time": "2026-03-05 07:28:53,238", "level": "INFO", "module": "failures", "msg": "[SCENARIO] Kill connection mid-query"}
{"time": "2026-03-05 07:28:53,250", "level": "INFO", "module": "failures", "msg": "Connection opened. Closing it before query..."}
{"time": "2026-03-05 07:28:53,250", "level": "WARNING", "module": "failures", "msg": "Caught expected InterfaceError: cursor already closed"}
{"time": "2026-03-05 07:28:53,250", "level": "INFO", "module": "failures", "msg": "System handled dead connection correctly ✓"}
{"time": "2026-03-05 07:28:53,250", "level": "INFO", "module": "failures", "msg": "Testing pool still healthy after dead connection..."}
{"time": "2026-03-05 07:28:53,255", "level": "INFO", "module": "db", "msg": "Connection pool created"}
{"time": "2026-03-05 07:28:54,637", "level": "INFO", "module": "failures", "msg": "Pool query succeeded. Row count: 10020000"}
{"time": "2026-03-05 07:28:54,638", "level": "INFO", "module": "failures", "msg": "[SCENARIO] Corrupt input data"}
{"time": "2026-03-05 07:28:54,638", "level": "INFO", "module": "failures", "msg": "Attempting to insert 3 rows (1 corrupt)..."}
{"time": "2026-03-05 07:28:54,639", "level": "ERROR", "module": "db", "msg": "Transaction rolled back: column "transaction_date" of relation "transactions" does not exist
LINE 2: ...ons (transaction_id, user_id, product_id, amount, transactio...
                                                             ^
"}
{"time": "2026-03-05 07:32:36,018", "level": "INFO", "module": "failures", "msg": "[SCENARIO] Kill connection mid-query"}
{"time": "2026-03-05 07:32:36,030", "level": "INFO", "module": "failures", "msg": "Connection opened. Closing it before query..."}
{"time": "2026-03-05 07:32:36,030", "level": "WARNING", "module": "failures", "msg": "Caught expected InterfaceError: cursor already closed"}
{"time": "2026-03-05 07:32:36,030", "level": "INFO", "module": "failures", "msg": "System handled dead connection correctly ✓"}
{"time": "2026-03-05 07:32:36,030", "level": "INFO", "module": "failures", "msg": "Testing pool still healthy after dead connection..."}
{"time": "2026-03-05 07:32:36,035", "level": "INFO", "module": "db", "msg": "Connection pool created"}
{"time": "2026-03-05 07:32:37,363", "level": "INFO", "module": "failures", "msg": "Pool query succeeded. Row count: 10020000"}
{"time": "2026-03-05 07:32:37,363", "level": "INFO", "module": "failures", "msg": "[SCENARIO] Corrupt input data"}
{"time": "2026-03-05 07:32:37,363", "level": "INFO", "module": "failures", "msg": "Attempting to insert 3 rows (1 corrupt)..."}
{"time": "2026-03-05 07:32:37,364", "level": "ERROR", "module": "db", "msg": "Transaction rolled back: null value in column "quantity" of relation "transactions" violates not-null constraint
DETAIL:  Failing row contains (9999901, 1, 1, null, 50.00, 2024-01-15 00:00:00).
"}
{"time": "2026-03-05 07:48:08,882", "level": "INFO", "module": "failures", "msg": "[SCENARIO] Kill connection mid-query"}
{"time": "2026-03-05 07:48:08,894", "level": "INFO", "module": "failures", "msg": "Connection opened. Closing it before query..."}
{"time": "2026-03-05 07:48:08,894", "level": "WARNING", "module": "failures", "msg": "Caught expected InterfaceError: cursor already closed"}
{"time": "2026-03-05 07:48:08,894", "level": "INFO", "module": "failures", "msg": "System handled dead connection correctly ✓"}
{"time": "2026-03-05 07:48:08,894", "level": "INFO", "module": "failures", "msg": "Testing pool still healthy after dead connection..."}
{"time": "2026-03-05 07:48:08,897", "level": "INFO", "module": "db", "msg": "Connection pool created"}
{"time": "2026-03-05 07:48:10,240", "level": "INFO", "module": "failures", "msg": "Pool query succeeded. Row count: 10020000"}
{"time": "2026-03-05 07:48:10,240", "level": "INFO", "module": "failures", "msg": "[SCENARIO] Corrupt input data"}
{"time": "2026-03-05 07:48:10,240", "level": "INFO", "module": "failures", "msg": "Attempting to insert 3 rows (1 corrupt)..."}
{"time": "2026-03-05 07:48:10,241", "level": "ERROR", "module": "db", "msg": "Transaction rolled back: column "transaction_date" of relation "transactions" does not exist
LINE 2: ...action_id, user_id, product_id, quantity, amount, transactio...
                                                             ^
"}
{"time": "2026-03-05 07:48:40,709", "level": "INFO", "module": "failures", "msg": "[SCENARIO] Kill connection mid-query"}
{"time": "2026-03-05 07:48:40,720", "level": "INFO", "module": "failures", "msg": "Connection opened. Closing it before query..."}
{"time": "2026-03-05 07:48:40,720", "level": "WARNING", "module": "failures", "msg": "Caught expected InterfaceError: cursor already closed"}
{"time": "2026-03-05 07:48:40,720", "level": "INFO", "module": "failures", "msg": "System handled dead connection correctly ✓"}
{"time": "2026-03-05 07:48:40,720", "level": "INFO", "module": "failures", "msg": "Testing pool still healthy after dead connection..."}
{"time": "2026-03-05 07:48:40,723", "level": "INFO", "module": "db", "msg": "Connection pool created"}
{"time": "2026-03-05 07:48:42,148", "level": "INFO", "module": "failures", "msg": "Pool query succeeded. Row count: 10020000"}
{"time": "2026-03-05 07:48:42,148", "level": "INFO", "module": "failures", "msg": "[SCENARIO] Corrupt input data"}
{"time": "2026-03-05 07:48:42,149", "level": "INFO", "module": "failures", "msg": "Attempting to insert 3 rows (1 corrupt)..."}
{"time": "2026-03-05 07:48:42,150", "level": "ERROR", "module": "db", "msg": "Transaction rolled back: Invalid amount -99.99 for transaction 9999902. Negative prices not allowed."}
{"time": "2026-03-05 07:48:42,150", "level": "WARNING", "module": "failures", "msg": "Corrupt data rejected: Invalid amount -99.99 for transaction 9999902. Negative prices not allowed."}
{"time": "2026-03-05 07:48:42,150", "level": "INFO", "module": "failures", "msg": "Transaction rolled back. No rows inserted. ✓"}
{"time": "2026-03-05 07:49:58,460", "level": "INFO", "module": "failures", "msg": "[SCENARIO] Corrupt input data"}
{"time": "2026-03-05 07:49:58,460", "level": "INFO", "module": "failures", "msg": "Attempting to insert 3 rows (1 corrupt)..."}
{"time": "2026-03-05 07:49:58,471", "level": "INFO", "module": "db", "msg": "Connection pool created"}
{"time": "2026-03-05 07:49:58,478", "level": "ERROR", "module": "db", "msg": "Transaction rolled back: Invalid amount -99.99 for transaction 9999902. Negative prices not allowed."}
{"time": "2026-03-05 07:49:58,478", "level": "WARNING", "module": "failures", "msg": "Corrupt data rejected: Invalid amount -99.99 for transaction 9999902. Negative prices not allowed."}
{"time": "2026-03-05 07:49:58,478", "level": "INFO", "module": "failures", "msg": "Transaction rolled back. No rows inserted. ✓"}
{"time": "2026-03-05 07:49:58,482", "level": "INFO", "module": "failures", "msg": "Verified: 0 corrupt rows in DB ✓"}
{"time": "2026-03-05 07:50:28,819", "level": "INFO", "module": "failures", "msg": "[SCENARIO] Kill connection mid-query"}
{"time": "2026-03-05 07:50:28,832", "level": "INFO", "module": "failures", "msg": "Connection opened. Closing it before query..."}
{"time": "2026-03-05 07:50:28,832", "level": "WARNING", "module": "failures", "msg": "Caught expected InterfaceError: cursor already closed"}
{"time": "2026-03-05 07:50:28,832", "level": "INFO", "module": "failures", "msg": "System handled dead connection correctly ✓"}
{"time": "2026-03-05 07:50:28,832", "level": "INFO", "module": "failures", "msg": "Testing pool still healthy after dead connection..."}
{"time": "2026-03-05 07:50:28,837", "level": "INFO", "module": "db", "msg": "Connection pool created"}
{"time": "2026-03-05 07:50:29,709", "level": "INFO", "module": "failures", "msg": "Pool query succeeded. Row count: 9999900"}
{"time": "2026-03-05 07:50:29,709", "level": "INFO", "module": "failures", "msg": "[SCENARIO] Corrupt input data"}
{"time": "2026-03-05 07:50:29,709", "level": "INFO", "module": "failures", "msg": "Attempting to insert 3 rows (1 corrupt)..."}
{"time": "2026-03-05 07:50:29,710", "level": "ERROR", "module": "db", "msg": "Transaction rolled back: Invalid amount -99.99 for transaction 9999902. Negative prices not allowed."}
{"time": "2026-03-05 07:50:29,710", "level": "WARNING", "module": "failures", "msg": "Corrupt data rejected: Invalid amount -99.99 for transaction 9999902. Negative prices not allowed."}
{"time": "2026-03-05 07:50:29,711", "level": "INFO", "module": "failures", "msg": "Transaction rolled back. No rows inserted. ✓"}
{"time": "2026-03-05 07:50:29,711", "level": "INFO", "module": "failures", "msg": "Verified: 0 corrupt rows in DB ✓"}
{"time": "2026-03-05 07:50:29,711", "level": "INFO", "module": "failures", "msg": "[SCENARIO] Partial write simulation"}
{"time": "2026-03-05 07:50:29,712", "level": "INFO", "module": "failures", "msg": "Writing to daily_revenue..."}
{"time": "2026-03-05 07:50:29,712", "level": "ERROR", "module": "db", "msg": "Transaction rolled back: column "date" of relation "daily_revenue" does not exist
LINE 2:                 INSERT INTO daily_revenue (date, total_reven...
                                                   ^
"}
{"time": "2026-03-05 08:03:51,697", "level": "INFO", "module": "failures", "msg": "[SCENARIO] Kill connection mid-query"}
{"time": "2026-03-05 08:03:51,710", "level": "INFO", "module": "failures", "msg": "Connection opened. Closing it before query..."}
{"time": "2026-03-05 08:03:51,710", "level": "WARNING", "module": "failures", "msg": "Caught expected InterfaceError: cursor already closed"}
{"time": "2026-03-05 08:03:51,710", "level": "INFO", "module": "failures", "msg": "System handled dead connection correctly ✓"}
{"time": "2026-03-05 08:03:51,710", "level": "INFO", "module": "failures", "msg": "Testing pool still healthy after dead connection..."}
{"time": "2026-03-05 08:03:51,714", "level": "INFO", "module": "db", "msg": "Connection pool created"}
{"time": "2026-03-05 08:03:53,048", "level": "INFO", "module": "failures", "msg": "Pool query succeeded. Row count: 9999900"}
{"time": "2026-03-05 08:03:53,049", "level": "INFO", "module": "failures", "msg": "[SCENARIO] Corrupt input data"}
{"time": "2026-03-05 08:03:53,049", "level": "INFO", "module": "failures", "msg": "Attempting to insert 3 rows (1 corrupt)..."}
{"time": "2026-03-05 08:03:53,050", "level": "ERROR", "module": "db", "msg": "Transaction rolled back: Invalid amount -99.99 for transaction 9999902. Negative prices not allowed."}
{"time": "2026-03-05 08:03:53,050", "level": "WARNING", "module": "failures", "msg": "Corrupt data rejected: Invalid amount -99.99 for transaction 9999902. Negative prices not allowed."}
{"time": "2026-03-05 08:03:53,050", "level": "INFO", "module": "failures", "msg": "Transaction rolled back. No rows inserted. ✓"}
{"time": "2026-03-05 08:03:53,050", "level": "INFO", "module": "failures", "msg": "Verified: 0 corrupt rows in DB ✓"}
{"time": "2026-03-05 08:03:53,051", "level": "INFO", "module": "failures", "msg": "[SCENARIO] Partial write simulation"}
{"time": "2026-03-05 08:03:53,051", "level": "INFO", "module": "failures", "msg": "Writing to daily_revenue..."}
{"time": "2026-03-05 08:03:53,052", "level": "INFO", "module": "failures", "msg": "daily_revenue write complete. Injecting crash..."}
{"time": "2026-03-05 08:03:53,052", "level": "ERROR", "module": "db", "msg": "Transaction rolled back: Simulated process crash after first write"}
{"time": "2026-03-05 08:03:53,052", "level": "WARNING", "module": "failures", "msg": "Caught injected failure: Simulated process crash after first write"}
{"time": "2026-03-05 08:03:53,052", "level": "INFO", "module": "failures", "msg": "Rollback should have fired. Checking DB state..."}
{"time": "2026-03-05 08:03:53,053", "level": "INFO", "module": "failures", "msg": "Verified: partial write rolled back. Both tables consistent. ✓"}
{"time": "2026-03-07 12:36:29,815", "level": "INFO", "module": "failures", "msg": "[SCENARIO] Kill connection mid-query"}
{"time": "2026-03-07 12:36:29,896", "level": "INFO", "module": "failures", "msg": "Connection opened. Closing it before query..."}
{"time": "2026-03-07 12:36:29,896", "level": "WARNING", "module": "failures", "msg": "Caught expected InterfaceError: cursor already closed"}
{"time": "2026-03-07 12:36:29,896", "level": "INFO", "module": "failures", "msg": "System handled dead connection correctly ✓"}
{"time": "2026-03-07 12:36:29,896", "level": "INFO", "module": "failures", "msg": "Testing pool still healthy after dead connection..."}
{"time": "2026-03-07 12:36:29,900", "level": "INFO", "module": "db", "msg": "Connection pool created"}
{"time": "2026-03-07 12:36:31,455", "level": "INFO", "module": "failures", "msg": "Pool query succeeded. Row count: 9999900"}
{"time": "2026-03-07 12:36:31,455", "level": "INFO", "module": "failures", "msg": "[SCENARIO] Corrupt input data"}
{"time": "2026-03-07 12:36:31,455", "level": "INFO", "module": "failures", "msg": "Attempting to insert 3 rows (1 corrupt)..."}
{"time": "2026-03-07 12:36:31,459", "level": "ERROR", "module": "db", "msg": "Transaction rolled back: Invalid amount -99.99 for transaction 9999902. Negative prices not allowed."}
{"time": "2026-03-07 12:36:31,459", "level": "WARNING", "module": "failures", "msg": "Corrupt data rejected: Invalid amount -99.99 for transaction 9999902. Negative prices not allowed."}
{"time": "2026-03-07 12:36:31,459", "level": "INFO", "module": "failures", "msg": "Transaction rolled back. No rows inserted. ✓"}
{"time": "2026-03-07 12:36:31,461", "level": "INFO", "module": "failures", "msg": "Verified: 0 corrupt rows in DB ✓"}
{"time": "2026-03-07 12:36:31,461", "level": "INFO", "module": "failures", "msg": "[SCENARIO] Partial write simulation"}
{"time": "2026-03-07 12:36:31,461", "level": "INFO", "module": "failures", "msg": "Writing to daily_revenue..."}
{"time": "2026-03-07 12:36:31,462", "level": "INFO", "module": "failures", "msg": "daily_revenue write complete. Injecting crash..."}
{"time": "2026-03-07 12:36:31,462", "level": "ERROR", "module": "db", "msg": "Transaction rolled back: Simulated process crash after first write"}
{"time": "2026-03-07 12:36:31,462", "level": "WARNING", "module": "failures", "msg": "Caught injected failure: Simulated process crash after first write"}
{"time": "2026-03-07 12:36:31,463", "level": "INFO", "module": "failures", "msg": "Rollback should have fired. Checking DB state..."}
{"time": "2026-03-07 12:36:31,463", "level": "INFO", "module": "failures", "msg": "Verified: partial write rolled back. Both tables consistent. ✓"}
{"time": "2026-03-08 09:37:27,843", "level": "INFO", "module": "main", "msg": "API starting up. Initialising connection pool."}
{"time": "2026-03-08 09:37:27,937", "level": "INFO", "module": "db", "msg": "Connection pool created"}
{"time": "2026-03-08 09:39:23,945", "level": "INFO", "module": "main", "msg": "API shutting down."}
{"time": "2026-03-08 09:40:26,988", "level": "INFO", "module": "main", "msg": "API starting up. Initialising connection pool."}
{"time": "2026-03-08 09:40:27,002", "level": "INFO", "module": "db", "msg": "Connection pool created"}
{"time": "2026-03-08 09:42:37,325", "level": "INFO", "module": "main", "msg": "method": "GET", "path": "/metrics/health", "status": 200, "duration_ms": 1490.6}
{"time": "2026-03-08 09:42:37,352", "level": "ERROR", "module": "main", "msg": "DB error in /revenue/daily: column "date" does not exist
LINE 8:  ORDER BY date DESC LIMIT 90
                  ^
"}
{"time": "2026-03-08 09:42:37,352", "level": "INFO", "module": "main", "msg": "method": "GET", "path": "/revenue/daily", "status": 503, "duration_ms": 5.1}
{"time": "2026-03-08 09:42:37,372", "level": "ERROR", "module": "main", "msg": "DB error in /revenue/category: relation "category_revenue" does not exist
LINE 3:     FROM category_revenue
                 ^
"}
{"time": "2026-03-08 09:42:37,373", "level": "INFO", "module": "main", "msg": "method": "GET", "path": "/revenue/category", "status": 503, "duration_ms": 5.4}
{"time": "2026-03-08 09:42:37,391", "level": "ERROR", "module": "main", "msg": "DB error in /users/top: relation "user_ltv" does not exist
LINE 3:     FROM user_ltv
                 ^
"}
{"time": "2026-03-08 09:42:37,391", "level": "INFO", "module": "main", "msg": "method": "GET", "path": "/users/top", "status": 503, "duration_ms": 1.7}
{"time": "2026-03-08 09:44:44,247", "level": "INFO", "module": "main", "msg": "API shutting down."}
{"time": "2026-03-08 09:47:50,800", "level": "INFO", "module": "main", "msg": "API starting up. Initialising connection pool."}
{"time": "2026-03-08 09:47:50,818", "level": "INFO", "module": "db", "msg": "Connection pool created"}
{"time": "2026-03-08 09:48:16,989", "level": "INFO", "module": "main", "msg": "API shutting down."}
{"time": "2026-03-08 09:48:17,234", "level": "INFO", "module": "main", "msg": "API starting up. Initialising connection pool."}
{"time": "2026-03-08 09:48:17,245", "level": "INFO", "module": "db", "msg": "Connection pool created"}
{"time": "2026-03-08 09:48:54,820", "level": "INFO", "module": "main", "msg": "API shutting down."}
{"time": "2026-03-08 09:48:55,079", "level": "INFO", "module": "main", "msg": "API starting up. Initialising connection pool."}
{"time": "2026-03-08 09:48:55,093", "level": "INFO", "module": "db", "msg": "Connection pool created"}
{"time": "2026-03-08 09:49:08,099", "level": "INFO", "module": "main", "msg": "method": "GET", "path": "/metrics/health", "status": 200, "duration_ms": 1382.8}
{"time": "2026-03-08 09:49:08,120", "level": "INFO", "module": "main", "msg": "method": "GET", "path": "/revenue/daily", "status": 200, "duration_ms": 4.7}
{"time": "2026-03-08 09:49:08,139", "level": "INFO", "module": "main", "msg": "method": "GET", "path": "/revenue/category", "status": 200, "duration_ms": 2.9}
{"time": "2026-03-08 09:49:08,158", "level": "INFO", "module": "main", "msg": "method": "GET", "path": "/users/top", "status": 200, "duration_ms": 5.7}
{"time": "2026-03-08 09:54:49,998", "level": "INFO", "module": "main", "msg": "API shutting down."}
{"time": "2026-03-08 10:09:12,070", "level": "INFO", "module": "db", "msg": "Connection pool created"}
{"time": "2026-03-08 10:09:12,072", "level": "ERROR", "module": "db", "msg": "Transaction rolled back: column "transaction_date" does not exist
LINE 2:             SELECT DISTINCT DATE(transaction_date) AS d
                                         ^
"}
{"time": "2026-03-08 10:09:12,072", "level": "ERROR", "module": "pipeline", "msg": {'job': 'daily_revenue', 'error': 'column "transaction_date" does not exist\nLINE 2:             SELECT DISTINCT DATE(transaction_date) AS d\n                                         ^\n'}}
{"time": "2026-03-08 10:09:12,073", "level": "INFO", "module": "pipeline", "msg": {'job': 'daily_revenue', 'duration_s': 0.02, 'rows': 0}}
{"time": "2026-03-08 10:09:12,073", "level": "ERROR", "module": "pipeline", "msg": "Pipeline error in job daily: column "transaction_date" does not exist
LINE 2:             SELECT DISTINCT DATE(transaction_date) AS d
                                         ^
"}
{"time": "2026-03-08 10:09:12,074", "level": "ERROR", "module": "db", "msg": "Transaction rolled back: relation "category_revenue" does not exist
LINE 1: DELETE FROM category_revenue
                    ^
"}
{"time": "2026-03-08 10:09:12,074", "level": "ERROR", "module": "pipeline", "msg": {'job': 'category_revenue', 'error': 'relation "category_revenue" does not exist\nLINE 1: DELETE FROM category_revenue\n                    ^\n'}}
{"time": "2026-03-08 10:09:12,074", "level": "INFO", "module": "pipeline", "msg": {'job': 'category_revenue', 'duration_s': 0.001, 'rows': 0}}
{"time": "2026-03-08 10:09:12,074", "level": "ERROR", "module": "pipeline", "msg": "Pipeline error in job category: relation "category_revenue" does not exist
LINE 1: DELETE FROM category_revenue
                    ^
"}
{"time": "2026-03-08 10:09:12,074", "level": "ERROR", "module": "db", "msg": "Transaction rolled back: relation "user_ltv" does not exist
LINE 1: DELETE FROM user_ltv
                    ^
"}
{"time": "2026-03-08 10:09:12,074", "level": "ERROR", "module": "pipeline", "msg": {'job': 'user_ltv', 'error': 'relation "user_ltv" does not exist\nLINE 1: DELETE FROM user_ltv\n                    ^\n'}}
{"time": "2026-03-08 10:09:12,074", "level": "INFO", "module": "pipeline", "msg": {'job': 'user_ltv', 'duration_s': 0.0, 'rows': 0}}
{"time": "2026-03-08 10:09:12,074", "level": "ERROR", "module": "pipeline", "msg": "Pipeline error in job ltv: relation "user_ltv" does not exist
LINE 1: DELETE FROM user_ltv
                    ^
"}
{"time": "2026-03-08 10:09:12,074", "level": "ERROR", "module": "pipeline", "msg": "Pipeline finished with 3 error(s) in 0.02s"}
{"time": "2026-03-08 10:09:12,074", "level": "ERROR", "module": "pipeline", "msg": "  daily: column "transaction_date" does not exist
LINE 2:             SELECT DISTINCT DATE(transaction_date) AS d
                                         ^
"}
{"time": "2026-03-08 10:09:12,074", "level": "ERROR", "module": "pipeline", "msg": "  category: relation "category_revenue" does not exist
LINE 1: DELETE FROM category_revenue
                    ^
"}
{"time": "2026-03-08 10:09:12,074", "level": "ERROR", "module": "pipeline", "msg": "  ltv: relation "user_ltv" does not exist
LINE 1: DELETE FROM user_ltv
                    ^
"}
{"time": "2026-03-08 10:19:31,812", "level": "INFO", "module": "db", "msg": "Connection pool created"}
{"time": "2026-03-08 10:19:31,815", "level": "ERROR", "module": "db", "msg": "Transaction rolled back: column "transaction_date" does not exist
LINE 2:             SELECT DISTINCT DATE(transaction_date) AS d
                                         ^
"}
{"time": "2026-03-08 10:19:31,815", "level": "ERROR", "module": "pipeline", "msg": {'job': 'daily_revenue', 'error': 'column "transaction_date" does not exist\nLINE 2:             SELECT DISTINCT DATE(transaction_date) AS d\n                                         ^\n'}}
{"time": "2026-03-08 10:19:31,816", "level": "INFO", "module": "pipeline", "msg": {'job': 'daily_revenue', 'duration_s': 0.018, 'rows': 0}}
{"time": "2026-03-08 10:19:31,816", "level": "ERROR", "module": "pipeline", "msg": "Pipeline error in job daily: column "transaction_date" does not exist
LINE 2:             SELECT DISTINCT DATE(transaction_date) AS d
                                         ^
"}
{"time": "2026-03-08 10:19:33,180", "level": "INFO", "module": "pipeline", "msg": "analytics_category_revenue: inserted 5 rows"}
{"time": "2026-03-08 10:19:33,181", "level": "INFO", "module": "db", "msg": "Transaction committed"}
{"time": "2026-03-08 10:19:33,182", "level": "INFO", "module": "pipeline", "msg": {'job': 'category_revenue', 'duration_s': 1.366, 'rows': 1}}
{"time": "2026-03-08 10:19:35,046", "level": "ERROR", "module": "db", "msg": "Transaction rolled back: relation "user_ltv" does not exist
LINE 1: SELECT COUNT(*) FROM user_ltv
                             ^
"}
{"time": "2026-03-08 10:19:35,046", "level": "ERROR", "module": "pipeline", "msg": {'job': 'user_ltv', 'error': 'relation "user_ltv" does not exist\nLINE 1: SELECT COUNT(*) FROM user_ltv\n                             ^\n'}}
{"time": "2026-03-08 10:19:35,046", "level": "INFO", "module": "pipeline", "msg": {'job': 'user_ltv', 'duration_s': 1.863, 'rows': 0}}
{"time": "2026-03-08 10:19:35,046", "level": "ERROR", "module": "pipeline", "msg": "Pipeline error in job ltv: relation "user_ltv" does not exist
LINE 1: SELECT COUNT(*) FROM user_ltv
                             ^
"}
{"time": "2026-03-08 10:19:35,046", "level": "ERROR", "module": "pipeline", "msg": "Pipeline finished with 2 error(s) in 3.25s"}
{"time": "2026-03-08 10:19:35,046", "level": "ERROR", "module": "pipeline", "msg": "  daily: column "transaction_date" does not exist
LINE 2:             SELECT DISTINCT DATE(transaction_date) AS d
                                         ^
"}
{"time": "2026-03-08 10:19:35,046", "level": "ERROR", "module": "pipeline", "msg": "  ltv: relation "user_ltv" does not exist
LINE 1: SELECT COUNT(*) FROM user_ltv
                             ^
"}
{"time": "2026-03-08 10:26:32,155", "level": "INFO", "module": "db", "msg": "Connection pool created"}
{"time": "2026-03-08 10:26:33,708", "level": "INFO", "module": "pipeline", "msg": "daily_revenue: refreshing 367 dates"}
{"time": "2026-03-08 10:26:33,741", "level": "ERROR", "module": "db", "msg": "Transaction rolled back: column "date" of relation "daily_revenue" does not exist
LINE 2:             INSERT INTO daily_revenue (date, total_revenue, ...
                                               ^
"}
{"time": "2026-03-08 10:26:33,741", "level": "ERROR", "module": "pipeline", "msg": {'job': 'daily_revenue', 'error': 'column "date" of relation "daily_revenue" does not exist\nLINE 2:             INSERT INTO daily_revenue (date, total_revenue, ...\n                                               ^\n'}}
{"time": "2026-03-08 10:26:33,744", "level": "INFO", "module": "pipeline", "msg": {'job': 'daily_revenue', 'duration_s': 1.602, 'rows': 0}}
{"time": "2026-03-08 10:26:33,744", "level": "ERROR", "module": "pipeline", "msg": "Pipeline error in job daily: column "date" of relation "daily_revenue" does not exist
LINE 2:             INSERT INTO daily_revenue (date, total_revenue, ...
                                               ^
"}
{"time": "2026-03-08 10:26:34,914", "level": "INFO", "module": "pipeline", "msg": "analytics_category_revenue: inserted 5 rows"}
{"time": "2026-03-08 10:26:34,915", "level": "INFO", "module": "db", "msg": "Transaction committed"}
{"time": "2026-03-08 10:26:34,916", "level": "INFO", "module": "pipeline", "msg": {'job': 'category_revenue', 'duration_s': 1.171, 'rows': 1}}
{"time": "2026-03-08 10:26:36,587", "level": "INFO", "module": "pipeline", "msg": "analytics_user_ltv: inserted 42000 rows"}
{"time": "2026-03-08 10:26:36,587", "level": "INFO", "module": "db", "msg": "Transaction committed"}
{"time": "2026-03-08 10:26:36,588", "level": "INFO", "module": "pipeline", "msg": {'job': 'analytics_user_ltv', 'duration_s': 1.672, 'rows': 1}}
{"time": "2026-03-08 10:26:36,588", "level": "ERROR", "module": "pipeline", "msg": "Pipeline finished with 1 error(s) in 4.45s"}
{"time": "2026-03-08 10:26:36,588", "level": "ERROR", "module": "pipeline", "msg": "  daily: column "date" of relation "daily_revenue" does not exist
LINE 2:             INSERT INTO daily_revenue (date, total_revenue, ...
                                               ^
"}
{"time": "2026-03-08 10:29:46,673", "level": "INFO", "module": "db", "msg": "Connection pool created"}
{"time": "2026-03-08 10:29:48,156", "level": "INFO", "module": "pipeline", "msg": "daily_revenue: refreshing 367 dates"}
{"time": "2026-03-08 10:29:49,169", "level": "INFO", "module": "pipeline", "msg": "daily_revenue: inserted 367 rows"}
{"time": "2026-03-08 10:29:49,170", "level": "INFO", "module": "db", "msg": "Transaction committed"}
{"time": "2026-03-08 10:29:49,171", "level": "INFO", "module": "pipeline", "msg": {'job': 'daily_revenue', 'duration_s': 2.512, 'rows': 1}}
{"time": "2026-03-08 10:29:50,441", "level": "INFO", "module": "pipeline", "msg": "analytics_category_revenue: inserted 5 rows"}
{"time": "2026-03-08 10:29:50,441", "level": "INFO", "module": "db", "msg": "Transaction committed"}
{"time": "2026-03-08 10:29:50,441", "level": "INFO", "module": "pipeline", "msg": {'job': 'category_revenue', 'duration_s': 1.27, 'rows': 1}}
{"time": "2026-03-08 10:29:52,043", "level": "INFO", "module": "pipeline", "msg": "analytics_user_ltv: inserted 42000 rows"}
{"time": "2026-03-08 10:29:52,045", "level": "INFO", "module": "db", "msg": "Transaction committed"}
{"time": "2026-03-08 10:29:52,045", "level": "INFO", "module": "pipeline", "msg": {'job': 'analytics_user_ltv', 'duration_s': 1.603, 'rows': 1}}
{"time": "2026-03-08 10:29:52,045", "level": "INFO", "module": "pipeline", "msg": "Pipeline complete. All jobs succeeded in 5.39s"}
{"time": "2026-03-08 10:30:47,930", "level": "INFO", "module": "main", "msg": "API starting up. Initialising connection pool."}
{"time": "2026-03-08 10:30:47,943", "level": "INFO", "module": "db", "msg": "Connection pool created"}
{"time": "2026-03-08 10:31:00,004", "level": "INFO", "module": "main", "msg": "method": "GET", "path": "/metrics/health", "status": 200, "duration_ms": 2.5}
{"time": "2026-03-08 10:31:00,019", "level": "ERROR", "module": "main", "msg": "DB error in /revenue/daily: column "date" does not exist
LINE 3:         date AS revenue_date,
                ^
"}
{"time": "2026-03-08 10:31:00,019", "level": "INFO", "module": "main", "msg": "method": "GET", "path": "/revenue/daily", "status": 503, "duration_ms": 2.7}
{"time": "2026-03-08 10:31:00,033", "level": "INFO", "module": "main", "msg": "method": "GET", "path": "/revenue/category", "status": 200, "duration_ms": 5.1}
{"time": "2026-03-08 10:31:00,043", "level": "INFO", "module": "main", "msg": "method": "GET", "path": "/users/top", "status": 200, "duration_ms": 2.4}
{"time": "2026-03-08 10:32:13,820", "level": "INFO", "module": "main", "msg": "API shutting down."}
{"time": "2026-03-08 10:32:14,112", "level": "INFO", "module": "main", "msg": "API starting up. Initialising connection pool."}
{"time": "2026-03-08 10:32:14,127", "level": "INFO", "module": "db", "msg": "Connection pool created"}
{"time": "2026-03-08 10:32:32,752", "level": "INFO", "module": "main", "msg": "method": "GET", "path": "/metrics/health", "status": 200, "duration_ms": 1.4}
{"time": "2026-03-08 10:32:32,762", "level": "ERROR", "module": "main", "msg": "DB error in /revenue/daily: column "date" does not exist
LINE 3:         date AS revenue_date,
                ^
"}
{"time": "2026-03-08 10:32:32,763", "level": "INFO", "module": "main", "msg": "method": "GET", "path": "/revenue/daily", "status": 503, "duration_ms": 2.7}
{"time": "2026-03-08 10:32:32,772", "level": "INFO", "module": "main", "msg": "method": "GET", "path": "/revenue/category", "status": 200, "duration_ms": 2.9}
{"time": "2026-03-08 10:32:32,781", "level": "INFO", "module": "main", "msg": "method": "GET", "path": "/users/top", "status": 200, "duration_ms": 2.3}
{"time": "2026-03-08 10:35:35,093", "level": "INFO", "module": "main", "msg": "API shutting down."}
{"time": "2026-03-08 10:35:35,374", "level": "INFO", "module": "main", "msg": "API starting up. Initialising connection pool."}
{"time": "2026-03-08 10:35:35,388", "level": "INFO", "module": "db", "msg": "Connection pool created"}
{"time": "2026-03-08 10:35:48,534", "level": "INFO", "module": "main", "msg": "API shutting down."}
{"time": "2026-03-08 10:35:48,798", "level": "INFO", "module": "main", "msg": "API starting up. Initialising connection pool."}
{"time": "2026-03-08 10:35:48,811", "level": "INFO", "module": "db", "msg": "Connection pool created"}
{"time": "2026-03-08 10:36:08,208", "level": "INFO", "module": "main", "msg": "method": "GET", "path": "/metrics/health", "status": 200, "duration_ms": 2.0}
{"time": "2026-03-08 10:36:08,227", "level": "INFO", "module": "main", "msg": "method": "GET", "path": "/revenue/daily", "status": 200, "duration_ms": 6.7}
{"time": "2026-03-08 10:36:08,259", "level": "INFO", "module": "main", "msg": "method": "GET", "path": "/revenue/category", "status": 200, "duration_ms": 1.7}
{"time": "2026-03-08 10:36:08,270", "level": "INFO", "module": "main", "msg": "method": "GET", "path": "/users/top", "status": 200, "duration_ms": 1.8}
