2026-03-02 15:30:20,838 [INFO] === Transform job started ===
2026-03-02 15:30:20,847 [CRITICAL] Job failed: connection to server on socket "/tmp/.s.PGSQL.5432" failed: FATAL:  database "pedersolheim" does not exist

2026-03-02 15:31:54,185 [INFO] === Transform job started ===
2026-03-02 15:31:54,255 [INFO] Fetching daily revenue aggregates...
2026-03-02 15:31:54,903 [INFO] Upserting 366 date rows into daily_revenue...
2026-03-02 15:31:54,906 [ERROR] Transform failed, rolled back. Error: column "revenue_date" does not exist
LINE 1: DELETE FROM daily_revenue WHERE revenue_date = ANY(ARRAY['20...
                                        ^

2026-03-02 15:31:54,906 [CRITICAL] Job failed: column "revenue_date" does not exist
LINE 1: DELETE FROM daily_revenue WHERE revenue_date = ANY(ARRAY['20...
                                        ^

2026-03-02 15:33:04,096 [INFO] === Transform job started ===
2026-03-02 15:33:04,107 [INFO] Fetching daily revenue aggregates...
2026-03-02 15:33:04,340 [INFO] Upserting 366 date rows into daily_revenue...
2026-03-02 15:33:04,342 [ERROR] Transform failed, rolled back. Error: column "revenue_date" does not exist
LINE 1: DELETE FROM daily_revenue WHERE revenue_date = ANY(ARRAY['20...
                                        ^

2026-03-02 15:33:04,342 [CRITICAL] Job failed: column "revenue_date" does not exist
LINE 1: DELETE FROM daily_revenue WHERE revenue_date = ANY(ARRAY['20...
                                        ^

2026-03-02 15:33:44,239 [INFO] === Transform job started ===
2026-03-02 15:33:44,251 [INFO] Fetching daily revenue aggregates...
2026-03-02 15:33:44,484 [INFO] Upserting 366 date rows into daily_revenue...
2026-03-02 15:33:44,486 [ERROR] Transform failed, rolled back. Error: column "revenue_date" does not exist
LINE 1: DELETE FROM daily_revenue WHERE revenue_date = ANY(ARRAY['20...
                                        ^

2026-03-02 15:33:44,486 [CRITICAL] Job failed: column "revenue_date" does not exist
LINE 1: DELETE FROM daily_revenue WHERE revenue_date = ANY(ARRAY['20...
                                        ^

2026-03-02 15:38:43,463 [INFO] === Transform job started ===
2026-03-02 15:38:43,474 [INFO] Fetching daily revenue aggregates...
2026-03-02 15:38:43,707 [INFO] Upserting 366 date rows into daily_revenue...
2026-03-02 15:38:43,718 [INFO] Done. Rows written: 366
2026-03-02 15:38:43,718 [INFO] Transaction committed. 366 rows upserted.
2026-03-02 15:38:43,718 [INFO] === Transform job finished in 0.26s ===
