{"time": "2026-03-04T07:44:24", "level": "INFO", "logger": "api", "message": "[54a83b70] GET /revenue/category started"}
{"time": "2026-03-04T07:44:24", "level": "ERROR", "logger": "api", "message": "/revenue/category failed: connection to server at "localhost" (::1), port 5432 failed: FATAL:  role "postgres" does not exist
"}
{"time": "2026-03-04T07:44:24", "level": "INFO", "logger": "api", "message": "[54a83b70] GET /revenue/category status=500 duration=28.2ms"}
{"time": "2026-03-04T07:44:24", "level": "INFO", "logger": "api", "message": "[99a05eca] GET /users/top started"}
{"time": "2026-03-04T07:44:24", "level": "ERROR", "logger": "api", "message": "/users/top failed: connection to server at "localhost" (::1), port 5432 failed: FATAL:  role "postgres" does not exist
"}
{"time": "2026-03-04T07:44:24", "level": "INFO", "logger": "api", "message": "[99a05eca] GET /users/top status=500 duration=3.9ms"}
{"time": "2026-03-04T07:47:22", "level": "INFO", "logger": "api", "message": "[b91df0cb] GET /revenue/category started"}
{"time": "2026-03-04T07:47:22", "level": "INFO", "logger": "database", "message": "Connection pool created"}
{"time": "2026-03-04T07:47:22", "level": "INFO", "logger": "queries", "message": "revenue_by_category returned 5 rows"}
{"time": "2026-03-04T07:47:22", "level": "INFO", "logger": "api", "message": "[b91df0cb] GET /revenue/category status=200 duration=32.1ms"}
{"time": "2026-03-04T07:47:22", "level": "INFO", "logger": "api", "message": "[fec220de] GET /users/top started"}
{"time": "2026-03-04T07:47:22", "level": "INFO", "logger": "queries", "message": "top_users returned 10 rows"}
{"time": "2026-03-04T07:47:22", "level": "INFO", "logger": "api", "message": "[fec220de] GET /users/top status=200 duration=15.3ms"}
{"time": "2026-03-04T07:48:01", "level": "INFO", "logger": "api", "message": "[51b3bae6] GET /revenue/category started"}
{"time": "2026-03-04T07:48:01", "level": "INFO", "logger": "queries", "message": "revenue_by_category returned 5 rows"}
{"time": "2026-03-04T07:48:01", "level": "INFO", "logger": "api", "message": "[51b3bae6] GET /revenue/category status=200 duration=1.4ms"}
{"time": "2026-03-04T07:48:01", "level": "INFO", "logger": "api", "message": "[2b7fc4aa] GET /users/top started"}
{"time": "2026-03-04T07:48:01", "level": "INFO", "logger": "queries", "message": "top_users returned 10 rows"}
{"time": "2026-03-04T07:48:01", "level": "INFO", "logger": "api", "message": "[2b7fc4aa] GET /users/top status=200 duration=14.9ms"}
{"time": "2026-03-04T07:51:09", "level": "INFO", "logger": "api", "message": "[19830ee2] GET /users/top started"}
{"time": "2026-03-04T07:51:09", "level": "INFO", "logger": "queries", "message": "top_users returned 10 rows"}
{"time": "2026-03-04T07:51:09", "level": "INFO", "logger": "api", "message": "[19830ee2] GET /users/top status=200 duration=3.7ms"}
